<?xml version="1.0" encoding="UTF-8"?>
<!-- Generated by org.testng.reporters.JUnitReportReporter -->
<testsuite hostname="Rebecca" failures="0" tests="9" name="SourceMe.UserSeleniumTest" time="109.929" errors="0" timestamp="21 Feb 2022 18:11:50 GMT">
  <testcase classname="SourceMe.UserSeleniumTest" name="navigateToHomePage" time="16.139"/>
  <testcase classname="SourceMe.UserSeleniumTest" name="logout" time="18.292"/>
  <testcase classname="SourceMe.UserSeleniumTest" name="delete" time="8.146"/>
  <testcase classname="SourceMe.UserSeleniumTest" name="update" time="8.318"/>
  <testcase classname="SourceMe.UserSeleniumTest" name="login" time="17.988"/>
  <testcase classname="SourceMe.UserSeleniumTest" name="navigateToLoginPage" time="9.506"/>
  <testcase classname="SourceMe.UserSeleniumTest" name="navigateToProfilePage" time="11.841"/>
  <testcase classname="SourceMe.UserSeleniumTest" name="register" time="10.196"/>
  <testcase classname="SourceMe.UserSeleniumTest" name="navigateToRegisterPage" time="9.503"/>
</testsuite> <!-- SourceMe.UserSeleniumTest -->
