<?xml version="1.0" encoding="UTF-8"?>
<!-- Generated by org.testng.reporters.JUnitReportReporter -->
<testsuite hostname="LAPTOP-GB64TV7T" failures="0" tests="1" name="SourceMe.UserSelenium" time="5.660" errors="0" timestamp="18 Feb 2022 07:43:15 GMT">
  <testcase classname="SourceMe.UserSelenium" name="f" time="5.660"/>
</testsuite> <!-- SourceMe.UserSelenium -->
