<?xml version="1.0" encoding="UTF-8"?>
<!-- Generated by org.testng.reporters.JUnitReportReporter -->
<testsuite hostname="Rebecca" failures="0" tests="5" name="com.sddevops.SourceMe.TutorialTest" time="74.949" errors="0" timestamp="21 Feb 2022 08:38:14 GMT">
  <testcase classname="com.sddevops.SourceMe.TutorialTest" name="c_getTutorialById" time="14.805"/>
  <testcase classname="com.sddevops.SourceMe.TutorialTest" name="d_editTutorialById" time="20.563"/>
  <testcase classname="com.sddevops.SourceMe.TutorialTest" name="e_deleteTutorial" time="14.777"/>
  <testcase classname="com.sddevops.SourceMe.TutorialTest" name="b_createTutorial" time="20.077"/>
  <testcase classname="com.sddevops.SourceMe.TutorialTest" name="a_getAllTutorials" time="4.727"/>
</testsuite> <!-- com.sddevops.SourceMe.TutorialTest -->
