<?xml version="1.0" encoding="UTF-8"?>
<!-- Generated by org.testng.reporters.JUnitReportReporter -->
<testsuite hostname="LAPTOP-GB64TV7T" failures="0" tests="1" name="SourceMe.UserTest" time="4.196" errors="0" timestamp="17 Feb 2022 15:58:32 GMT">
  <testcase classname="SourceMe.UserTest" name="registerLoginUpdateDelete" time="4.196"/>
</testsuite> <!-- SourceMe.UserTest -->
