<?xml version="1.0" encoding="UTF-8"?>
<!-- Generated by org.testng.reporters.JUnitReportReporter -->
<testsuite hostname="LAPTOP-GB64TV7T" failures="0" tests="5" name="SourceMe.NewTest" time="26.641" errors="0" timestamp="21 Feb 2022 09:54:02 GMT">
  <testcase classname="SourceMe.NewTest" name="a" time="4.423"/>
  <testcase classname="SourceMe.NewTest" name="d" time="8.549"/>
  <testcase classname="SourceMe.NewTest" name="c" time="7.416"/>
  <testcase classname="SourceMe.NewTest" name="b" time="4.132"/>
  <testcase classname="SourceMe.NewTest" name="e" time="2.121"/>
</testsuite> <!-- SourceMe.NewTest -->
