<?xml version="1.0" encoding="UTF-8"?>
<!-- Generated by org.testng.reporters.JUnitReportReporter -->
<testsuite hostname="DESKTOP-EIRPD9S" failures="0" tests="5" name="com.sddevops.SourceMe.AnswerTest" time="64.288" errors="0" timestamp="19 Feb 2022 17:52:28 GMT">
  <testcase classname="com.sddevops.SourceMe.AnswerTest" name="cGetAnswerById" time="8.510"/>
  <testcase classname="com.sddevops.SourceMe.AnswerTest" name="eDeleteAnswerById" time="8.548"/>
  <testcase classname="com.sddevops.SourceMe.AnswerTest" name="dUpdateAnswerById" time="12.830"/>
  <testcase classname="com.sddevops.SourceMe.AnswerTest" name="bGetAnswerByQnsId" time="6.429"/>
  <testcase classname="com.sddevops.SourceMe.AnswerTest" name="aCreateAnswer" time="27.971"/>
</testsuite> <!-- com.sddevops.SourceMe.AnswerTest -->
