<?xml version="1.0" encoding="UTF-8"?>
<!-- Generated by org.testng.reporters.JUnitReportReporter -->
<testsuite hostname="Rebecca" failures="0" tests="5" name="SourceMe.NewTest" time="26.988" errors="0" timestamp="21 Feb 2022 08:29:12 GMT">
  <testcase classname="SourceMe.NewTest" name="c" time="7.515"/>
  <testcase classname="SourceMe.NewTest" name="d" time="8.611"/>
  <testcase classname="SourceMe.NewTest" name="b" time="4.117"/>
  <testcase classname="SourceMe.NewTest" name="e" time="2.151"/>
  <testcase classname="SourceMe.NewTest" name="a" time="4.594"/>
</testsuite> <!-- SourceMe.NewTest -->
