<?xml version="1.0" encoding="UTF-8"?>
<!-- Generated by org.testng.reporters.JUnitReportReporter -->
<testsuite hostname="DESKTOP-EIRPD9S" failures="0" tests="5" name="SourceMe.NewTest" time="26.715" errors="0" timestamp="21 Feb 2022 08:15:28 GMT">
  <testcase classname="SourceMe.NewTest" name="a" time="4.600"/>
  <testcase classname="SourceMe.NewTest" name="b" time="4.181"/>
  <testcase classname="SourceMe.NewTest" name="d" time="8.503"/>
  <testcase classname="SourceMe.NewTest" name="e" time="2.167"/>
  <testcase classname="SourceMe.NewTest" name="c" time="7.264"/>
</testsuite> <!-- SourceMe.NewTest -->
