<?xml version="1.0" encoding="UTF-8"?>
<!-- Generated by org.testng.reporters.JUnitReportReporter -->
<testsuite hostname="Rebecca" failures="0" tests="5" name="com.sddevops.SourceMe.TutorialTest" time="75.819" errors="0" timestamp="21 Feb 2022 07:57:47 GMT">
  <testcase classname="com.sddevops.SourceMe.TutorialTest" name="d_editTutorialById" time="21.022"/>
  <testcase classname="com.sddevops.SourceMe.TutorialTest" name="b_createTutorial" time="20.160"/>
  <testcase classname="com.sddevops.SourceMe.TutorialTest" name="c_getTutorialById" time="14.765"/>
  <testcase classname="com.sddevops.SourceMe.TutorialTest" name="e_deleteTutorial" time="14.716"/>
  <testcase classname="com.sddevops.SourceMe.TutorialTest" name="a_getAllTutorials" time="5.156"/>
</testsuite> <!-- com.sddevops.SourceMe.TutorialTest -->
