<?xml version="1.0" encoding="UTF-8"?>
<!-- Generated by org.testng.reporters.JUnitReportReporter -->
<testsuite hostname="DESKTOP-EIRPD9S" failures="0" tests="5" name="com.sddevops.SourceMe.AnswerTest" time="58.235" errors="0" timestamp="21 Feb 2022 08:16:36 GMT">
  <testcase classname="com.sddevops.SourceMe.AnswerTest" name="cGetAnswerById" time="7.695"/>
  <testcase classname="com.sddevops.SourceMe.AnswerTest" name="aCreateAnswer" time="25.383"/>
  <testcase classname="com.sddevops.SourceMe.AnswerTest" name="bGetAnswerByQnsId" time="5.786"/>
  <testcase classname="com.sddevops.SourceMe.AnswerTest" name="eDeleteAnswerById" time="7.799"/>
  <testcase classname="com.sddevops.SourceMe.AnswerTest" name="dUpdateAnswerById" time="11.572"/>
</testsuite> <!-- com.sddevops.SourceMe.AnswerTest -->
