<?xml version="1.0" encoding="UTF-8"?>
<!-- Generated by org.testng.reporters.JUnitReportReporter -->
<testsuite hostname="Rebecca" failures="0" tests="5" name="com.sddevops.SourceMe.AnswerTest" time="59.254" errors="0" timestamp="21 Feb 2022 08:28:19 GMT">
  <testcase classname="com.sddevops.SourceMe.AnswerTest" name="eDeleteAnswerById" time="7.719"/>
  <testcase classname="com.sddevops.SourceMe.AnswerTest" name="bGetAnswerByQnsId" time="5.779"/>
  <testcase classname="com.sddevops.SourceMe.AnswerTest" name="dUpdateAnswerById" time="11.578"/>
  <testcase classname="com.sddevops.SourceMe.AnswerTest" name="aCreateAnswer" time="26.119"/>
  <testcase classname="com.sddevops.SourceMe.AnswerTest" name="cGetAnswerById" time="8.059"/>
</testsuite> <!-- com.sddevops.SourceMe.AnswerTest -->
