<?xml version="1.0" encoding="UTF-8"?>
<!-- Generated by org.testng.reporters.JUnitReportReporter -->
<testsuite hostname="LAPTOP-GB64TV7T" failures="0" tests="5" name="com.sddevops.SourceMe.AnswerTest" time="58.992" errors="0" timestamp="21 Feb 2022 09:52:57 GMT">
  <testcase classname="com.sddevops.SourceMe.AnswerTest" name="eDeleteAnswerById" time="7.619"/>
  <testcase classname="com.sddevops.SourceMe.AnswerTest" name="dUpdateAnswerById" time="11.447"/>
  <testcase classname="com.sddevops.SourceMe.AnswerTest" name="aCreateAnswer" time="26.279"/>
  <testcase classname="com.sddevops.SourceMe.AnswerTest" name="bGetAnswerByQnsId" time="5.728"/>
  <testcase classname="com.sddevops.SourceMe.AnswerTest" name="cGetAnswerById" time="7.919"/>
</testsuite> <!-- com.sddevops.SourceMe.AnswerTest -->
