<?xml version="1.0" encoding="UTF-8"?>
<!-- Generated by org.testng.reporters.JUnitReportReporter -->
<testsuite hostname="LAPTOP-GB64TV7T" failures="0" tests="9" name="SourceMe.UserSeleniumTest" time="110.814" errors="0" timestamp="21 Feb 2022 09:45:06 GMT">
  <testcase classname="SourceMe.UserSeleniumTest" name="login" time="18.108"/>
  <testcase classname="SourceMe.UserSeleniumTest" name="logout" time="18.293"/>
  <testcase classname="SourceMe.UserSeleniumTest" name="navigateToLoginPage" time="9.430"/>
  <testcase classname="SourceMe.UserSeleniumTest" name="navigateToRegisterPage" time="9.531"/>
  <testcase classname="SourceMe.UserSeleniumTest" name="navigateToHomePage" time="15.827"/>
  <testcase classname="SourceMe.UserSeleniumTest" name="update" time="8.487"/>
  <testcase classname="SourceMe.UserSeleniumTest" name="delete" time="8.846"/>
  <testcase classname="SourceMe.UserSeleniumTest" name="register" time="10.222"/>
  <testcase classname="SourceMe.UserSeleniumTest" name="navigateToProfilePage" time="12.070"/>
</testsuite> <!-- SourceMe.UserSeleniumTest -->
